/---------------- INPUT ----------------/

int nr1;
int nr2;
int sum;
input(nr1);
input(nr2);
sum = nr1 + nr2;
output(sum);

/---------------------------------------/




/---------------- STATUS ----------------/

          Lexically correct!

/---------------------------------------/






/----------------  PIF  ----------------/

int : -1
  : -1
nr1 : 0
; : -1
int : -1
  : -1
nr2 : 10
; : -1
int : -1
  : -1
sum : 6
; : -1
input : -1
( : -1
nr1 : 20
) : -1
; : -1
input : -1
( : -1
nr2 : 30
) : -1
; : -1
sum : 16
  : -1
= : -1
  : -1
nr1 : 40
  : -1
+ : -1
  : -1
nr2 : 50
; : -1
output : -1
( : -1
sum : 26
) : -1
; : -1
/---------------------------------------/



