/---------------- INPUT ----------------/

int x;
int y;
int z;
int smallest = 9999;

input(x);
input(y);
input(z);

if(x < smallest){
    smallest = x;
}

if (y < smallest){
    smallest = y;
}

if (z < smallest){
    smallest = y;
}
/---------------------------------------/




/---------------- STATUS ----------------/

          Lexically correct!

/---------------------------------------/






/----------------  PIF  ----------------/

int : -1
  : -1
nr1 : 0
; : -1
int : -1
  : -1
nr2 : 10
; : -1
int : -1
  : -1
sum : 6
; : -1
input : -1
( : -1
nr1 : 20
) : -1
; : -1
input : -1
( : -1
nr2 : 30
) : -1
; : -1
sum : 16
  : -1
= : -1
  : -1
nr1 : 40
  : -1
+ : -1
  : -1
nr2 : 50
; : -1
output : -1
( : -1
sum : 26
) : -1
; : -1
int : -1
  : -1
x : 1
; : -1
int : -1
  : -1
y : 11
; : -1
int : -1
  : -1
z : 21
; : -1
int : -1
  : -1
smallest : 60
  : -1
= : -1
  : -1
9999 : 2
; : -1
input : -1
( : -1
x : 31
) : -1
; : -1
input : -1
( : -1
y : 41
) : -1
; : -1
input : -1
( : -1
z : 51
) : -1
; : -1
if : -1
( : -1
x : 61
  : -1
< : -1
  : -1
smallest : 70
) : -1
{ : -1
  : -1
  : -1
  : -1
  : -1
smallest : 80
  : -1
= : -1
  : -1
x : 71
; : -1
} : -1
if : -1
  : -1
( : -1
y : 81
  : -1
< : -1
  : -1
smallest : 90
) : -1
{ : -1
  : -1
  : -1
  : -1
  : -1
smallest : 100
  : -1
= : -1
  : -1
y : 91
; : -1
} : -1
if : -1
  : -1
( : -1
z : 101
  : -1
< : -1
  : -1
smallest : 110
) : -1
{ : -1
  : -1
  : -1
  : -1
  : -1
smallest : 120
  : -1
= : -1
  : -1
y : 111
; : -1
} : -1
/---------------------------------------/



