/---------------- INPUT ----------------/

int i;
int sum;
int array[5];
sum = 0;

for(i=0; i<4; i++){
    input(array[i]);
}

for(i=0; i<4; i++){
    sum = sum + array[i];
}

output("Result");
output(sum);
/---------------------------------------/




/---------------- STATUS ----------------/

          Lexically correct!

/---------------------------------------/






/----------------  PIF  ----------------/

int : -1
  : -1
i : 1
; : -1
int : -1
  : -1
sum : 6
; : -1
int : -1
  : -1
array[5] : 8
; : -1
sum : 16
  : -1
= : -1
  : -1
0 : 11
; : -1
for : -1
( : -1
i : 21
= : -1
0 : 31
; : -1
  : -1
i : 41
< : -1
4 : 51
; : -1
  : -1
i : 61
+ : -1
+ : -1
) : -1
{ : -1
  : -1
  : -1
  : -1
  : -1
input : -1
( : -1
array[i] : 18
) : -1
; : -1
} : -1
for : -1
( : -1
i : 71
= : -1
0 : 81
; : -1
  : -1
i : 91
< : -1
4 : 101
; : -1
  : -1
i : 111
+ : -1
+ : -1
) : -1
{ : -1
  : -1
  : -1
  : -1
  : -1
sum : 26
  : -1
= : -1
  : -1
sum : 36
  : -1
+ : -1
  : -1
array[i] : 28
; : -1
} : -1
output : -1
( : -1
"Result" : 0
) : -1
; : -1
output : -1
( : -1
sum : 46
) : -1
; : -1
/---------------------------------------/



