/---------------- INPUT ----------------/

int a;
string pass;
bool condition;
int passWord24;
output(a);
222;
'a'
"asdasd"
for(int i=1; i<n; i++){
output("Hello");
}

/---------------------------------------/




/----------------- Symbol Table ---------------/
Symbol:  pass | Value:  0 | Next: ( Symbol:  222 | Value:  0 | Next: ( None ) )
Symbol:  a | Value:  0 | Next: ( Symbol:  a | Value:  0 | Next: ( Symbol:  i | Value:  0 | Next: ( Symbol:  1 | Value:  0 | Next: ( Symbol:  i | Value:  0 | Next: ( Symbol:  n | Value:  0 | Next: ( Symbol:  i | Value:  0 | Next: ( None ) ) ) ) ) ) )
Symbol:  "Hello" | Value:  0 | Next: ( None )
Symbol:  "asdasd" | Value:  0 | Next: ( None )
Symbol:  condition | Value:  0 | Next: ( None )
Symbol:  'a' | Value:  0 | Next: ( None )
Symbol:  passWord24 | Value:  0 | Next: ( None )
/----------------------------------------------/